Ralph Wiggum Loop
Directory: bob-university
Max: 50 iterations
Timeout: 28800s
Log: .ralph-20260203-212316.log
---
Branch: feature/ralph-session-20260203-2130

Running health check...
/Users/kylerasmussen/.local/bin/ralph: line 74: timeout: command not found
Running health check...
/Users/kylerasmussen/.local/bin/ralph: line 74: timeout: command not found
Running health check...
/Users/kylerasmussen/.local/bin/ralph: line 74: timeout: command not found
Running health check...
/Users/kylerasmussen/.local/bin/ralph: line 74: timeout: command not found
Running health check...
/Users/kylerasmussen/.local/bin/ralph: line 74: timeout: command not found
Running health check...
/Users/kylerasmussen/.local/bin/ralph: line 74: timeout: command not found
Running health check...
/Users/kylerasmussen/.local/bin/ralph: line 74: timeout: command not found
